<?xml version="1.0" encoding="UTF-8"?>
<!-- Generated by org.testng.reporters.JUnitReportReporter -->
<testsuite hostname="RICKU" failures="0" tests="2" name="com.jenkins.ExtentTest.ExtentTests" time="6.687" errors="0" timestamp="2023-09-08T00:01:01 IST" skipped="0">
  <testcase classname="com.jenkins.ExtentTest.ExtentTests" name="create" time="4.527">
    <system-out>
      <![CDATA[Create]]>
    </system-out>
  </testcase> <!-- create -->
  <testcase classname="com.jenkins.ExtentTest.ExtentTests" name="modify" time="2.160">
    <system-out>
      <![CDATA[Modify]]>
    </system-out>
  </testcase> <!-- modify -->
  <system-out>
    <![CDATA[Open
Login
Create
Logout
Login
Modify
Logout
Close]]>
  </system-out>
</testsuite> <!-- com.jenkins.ExtentTest.ExtentTests -->
